<?xml version="1.0" encoding="UTF-8"?>
<!-- Generated by org.testng.reporters.JUnitReportReporter -->
<testsuite hostname="DESKTOP-HE32O0P" name="Test_request.Put_request" tests="1" failures="0" timestamp="26 Dec 2019 13:32:36 GMT" time="2.627" errors="0">
  <testcase name="put_emp_data" time="2.627" classname="Test_request.Put_request"/>
</testsuite> <!-- Test_request.Put_request -->
