<?xml version="1.0" encoding="UTF-8"?>
<!-- Generated by org.testng.reporters.JUnitReportReporter -->
<testsuite hostname="DESKTOP-HE32O0P" name="Test_request.Post_request" tests="1" failures="0" timestamp="28 Dec 2019 02:51:07 GMT" time="2.625" errors="0">
  <testcase name="put_emp_data" time="2.625" classname="Test_request.Post_request"/>
</testsuite> <!-- Test_request.Post_request -->
